<?xml version="1.0" encoding="UTF-8"?>
<!-- Generated by org.testng.reporters.JUnitReportReporter -->
<testsuite hostname="ASDLAPKCH0119" failures="0" tests="1" name="com.page.SauceDemoApplication" time="29.377" errors="0" timestamp="2023-10-04T17:35:47 IST" skipped="0">
  <testcase classname="com.page.SauceDemoApplication" name="SauceDemo" time="29.377"/>
</testsuite> <!-- com.page.SauceDemoApplication -->
