<?xml version="1.0" encoding="UTF-8"?>
<!-- Generated by org.testng.reporters.JUnitReportReporter -->
<testsuite hostname="ASDLAPKCH0119" failures="0" tests="5" name="com.saucedemo.tests.LoginTest" time="3.313" errors="0" timestamp="2023-10-12T11:03:00 IST" skipped="0">
  <testcase classname="com.saucedemo.tests.LoginTest" name="TC002_invalidCredentials" time="1.873"/>
  <testcase classname="com.saucedemo.tests.LoginTest" name="TC004_validPasswordInvalidUsername" time="0.453"/>
  <testcase classname="com.saucedemo.tests.LoginTest" name="TC003_validUsernameInvalidPassword" time="0.435"/>
  <testcase classname="com.saucedemo.tests.LoginTest" name="TC005_loginWithoutCredentials" time="0.000"/>
  <testcase classname="com.saucedemo.tests.LoginTest" name="TC001_loginValidCredentials" time="0.552"/>
</testsuite> <!-- com.saucedemo.tests.LoginTest -->
