<?xml version="1.0" encoding="UTF-8"?>
<!-- Generated by org.testng.reporters.JUnitReportReporter -->
<testsuite hostname="ASDLAPKCH0119" failures="0" tests="5" name="com.saucedemo.tests.LoginTest" time="10.661" errors="0" timestamp="2023-10-12T18:59:54 IST" skipped="0">
  <testcase classname="com.saucedemo.tests.LoginTest" name="TC002_invalidCredentials" time="2.949"/>
  <testcase classname="com.saucedemo.tests.LoginTest" name="TC004_validPasswordInvalidUsername" time="1.959"/>
  <testcase classname="com.saucedemo.tests.LoginTest" name="TC003_validUsernameInvalidPassword" time="1.924"/>
  <testcase classname="com.saucedemo.tests.LoginTest" name="TC005_loginWithoutCredentials" time="1.813"/>
  <testcase classname="com.saucedemo.tests.LoginTest" name="TC001_loginValidCredentials" time="2.016"/>
</testsuite> <!-- com.saucedemo.tests.LoginTest -->
