<?xml version="1.0" encoding="UTF-8"?>
<!-- Generated by org.testng.reporters.JUnitReportReporter -->
<testsuite hostname="ASDLAPKCH0119" failures="0" tests="7" name="com.saucedemo.tests.LoginTests" time="5.270" errors="0" timestamp="2023-09-19T18:26:16 IST" skipped="0">
  <testcase classname="com.saucedemo.tests.LoginTests" name="TC007_navigateBrowserBack" time="0.009"/>
  <testcase classname="com.saucedemo.tests.LoginTests" name="TC006_navigateBrowserForward" time="0.016"/>
  <testcase classname="com.saucedemo.tests.LoginTests" name="TC002_invalidCredentials" time="1.126"/>
  <testcase classname="com.saucedemo.tests.LoginTests" name="TC004_validPasswordInvalidUsername" time="1.121"/>
  <testcase classname="com.saucedemo.tests.LoginTests" name="TC003_validUsernameInvalidPassword" time="1.346"/>
  <testcase classname="com.saucedemo.tests.LoginTests" name="TC005_loginWithoutCredentials" time="1.264"/>
  <testcase classname="com.saucedemo.tests.LoginTests" name="TC001_loginValidCredentials" time="0.388"/>
</testsuite> <!-- com.saucedemo.tests.LoginTests -->
