<?xml version="1.0" encoding="UTF-8"?>
<!-- Generated by org.testng.reporters.JUnitReportReporter -->
<testsuite hostname="ASDLAPKCH0119" failures="0" tests="1" name="com.page.object.SauceDemoApplication" time="27.318" errors="0" timestamp="2023-09-26T17:52:04 IST" skipped="0">
  <testcase classname="com.page.object.SauceDemoApplication" name="runTest" time="27.318"/>
</testsuite> <!-- com.page.object.SauceDemoApplication -->
