<?xml version="1.0" encoding="UTF-8"?>
<!-- Generated by org.testng.reporters.JUnitReportReporter -->
<testsuite hostname="ASDLAPKCH0119" failures="0" tests="21" name="com.saucedemo.tests.ProductTest" time="35.341" errors="0" timestamp="2023-10-12T18:59:54 IST" skipped="0">
  <testcase classname="com.saucedemo.tests.ProductTest" name="TC014_sortDescendingOrder" time="2.537"/>
  <testcase classname="com.saucedemo.tests.ProductTest" name="TC015_sortLowToHigh" time="0.506"/>
  <testcase classname="com.saucedemo.tests.ProductTest" name="TC016_sortHighToLow" time="0.514"/>
  <testcase classname="com.saucedemo.tests.ProductTest" name="TC013_sortAscendingOrder" time="0.502"/>
  <testcase classname="com.saucedemo.tests.ProductTest" name="TC008_addToCart" time="0.246"/>
  <testcase classname="com.saucedemo.tests.ProductTest" name="TC009_addToAllCart" time="2.935"/>
  <testcase classname="com.saucedemo.tests.ProductTest" name="TC012_deSelectAddToCart" time="1.241"/>
  <testcase classname="com.saucedemo.tests.ProductTest" name="TC017_verifyShoppingCartButton" time="0.246"/>
  <testcase classname="com.saucedemo.tests.ProductTest" name="TC018_verifyRemoveButton" time="2.233"/>
  <testcase classname="com.saucedemo.tests.ProductTest" name="TC019_verifyCheckoutButton" time="0.237"/>
  <testcase classname="com.saucedemo.tests.ProductTest" name="TC020_verifyContinueShoppingButton" time="0.025"/>
  <testcase classname="com.saucedemo.tests.ProductTest" name="TC021_verifyCancelButton" time="0.020"/>
  <testcase classname="com.saucedemo.tests.ProductTest" name="TC022_verifyContinueButtonWithoutFirstName" time="3.281"/>
  <testcase classname="com.saucedemo.tests.ProductTest" name="TC023_verifyContinueButtonWithoutLastName" time="5.497"/>
  <testcase classname="com.saucedemo.tests.ProductTest" name="TC024_verifyContinueButtonWithoutPostalCode" time="5.492"/>
  <testcase classname="com.saucedemo.tests.ProductTest" name="TC025_verifyContinueButtonWithAllDetails" time="5.492"/>
  <testcase classname="com.saucedemo.tests.ProductTest" name="TC027_verifyCancelButtonInCheckoutPage" time="0.026"/>
  <testcase classname="com.saucedemo.tests.ProductTest" name="TC026_verifyFinishButtonInCheckoutPage" time="0.246"/>
  <testcase classname="com.saucedemo.tests.ProductTest" name="TC007_navigateBrowserBack" time="2.022"/>
  <testcase classname="com.saucedemo.tests.ProductTest" name="TC006_navigateBrowserForward" time="2.029"/>
  <testcase classname="com.saucedemo.tests.ProductTest" name="TC030_verifyThankYouMessageInOverviewPage" time="0.014"/>
</testsuite> <!-- com.saucedemo.tests.ProductTest -->
