<?xml version="1.0" encoding="UTF-8"?>
<!-- Generated by org.testng.reporters.JUnitReportReporter -->
<testsuite hostname="ASDLAPKCH0119" failures="0" tests="5" name="com.saucedemo.tests.LoginTest" time="11.234" errors="0" timestamp="2023-10-12T15:02:38 IST" skipped="0">
  <testcase classname="com.saucedemo.tests.LoginTest" name="TC002_invalidCredentials" time="3.201"/>
  <testcase classname="com.saucedemo.tests.LoginTest" name="TC004_validPasswordInvalidUsername" time="2.053"/>
  <testcase classname="com.saucedemo.tests.LoginTest" name="TC003_validUsernameInvalidPassword" time="2.066"/>
  <testcase classname="com.saucedemo.tests.LoginTest" name="TC005_loginWithoutCredentials" time="1.879"/>
  <testcase classname="com.saucedemo.tests.LoginTest" name="TC001_loginValidCredentials" time="2.035"/>
</testsuite> <!-- com.saucedemo.tests.LoginTest -->
