<?xml version="1.0" encoding="UTF-8"?>
<!-- Generated by org.testng.reporters.JUnitReportReporter -->
<testsuite hostname="ASDLAPKCH0119" failures="0" tests="1" name="com.launch.LaunchTwo" time="12.726" errors="0" timestamp="2023-09-20T15:16:29 IST" skipped="0">
  <testcase classname="com.launch.LaunchTwo" name="LaunchBrowser" time="12.726"/>
</testsuite> <!-- com.launch.LaunchTwo -->
